<?xml version="1.0" encoding="UTF-8"?>
<robot generator="Robot 5.0.1 (Python 3.10.5 on win32)" generated="20220926 11:14:30.434" rpa="false" schemaversion="3">
<suite id="s1" name="Amazon Site tests" source="C:\Users\bruno.vittor\Documents\estudo_automação\Automacao_Robot_avancado\Aut_Amazon\Tarefa 05\testing\Amazon_Site_tests.robot">
<test id="s1-t1" name="Case 01 - Acessar a página eletrônicos no site da Amazon" line="9">
<kw name="Open Chrome" library="home" type="SETUP">
<kw name="Open Browser" library="SeleniumLibrary">
<arg>browser=${browser}</arg>
<doc>Opens a new browser instance to the optional ``url``.</doc>
<msg timestamp="20220926 11:14:33.698" level="INFO">Opening browser 'chrome' to base url 'None'.</msg>
<status status="PASS" starttime="20220926 11:14:33.697" endtime="20220926 11:14:35.152"/>
</kw>
<kw name="Maximize Browser Window" library="SeleniumLibrary">
<doc>Maximizes current browser window.</doc>
<status status="PASS" starttime="20220926 11:14:35.152" endtime="20220926 11:14:35.281"/>
</kw>
<status status="PASS" starttime="20220926 11:14:33.697" endtime="20220926 11:14:35.281"/>
</kw>
<kw name="Dado que o usuário esteja no site da Amazon" library="home">
<kw name="Go To" library="SeleniumLibrary">
<arg>url=${amazon_url}</arg>
<doc>Navigates the current browser window to the provided ``url``.</doc>
<msg timestamp="20220926 11:14:35.282" level="INFO">Opening url 'https://www.amazon.com.br'</msg>
<status status="PASS" starttime="20220926 11:14:35.282" endtime="20220926 11:14:37.007"/>
</kw>
<kw name="Wait Until Element Is Visible" library="SeleniumLibrary">
<arg>locator=${menu_all}</arg>
<doc>Waits until the element ``locator`` is visible.</doc>
<status status="PASS" starttime="20220926 11:14:37.007" endtime="20220926 11:14:37.043"/>
</kw>
<status status="PASS" starttime="20220926 11:14:35.282" endtime="20220926 11:14:37.043"/>
</kw>
<kw name="Quando o usuário expandir o menu todos" library="home">
<kw name="Click Element" library="SeleniumLibrary">
<arg>locator=${menu_all}</arg>
<doc>Click the element identified by ``locator``.</doc>
<msg timestamp="20220926 11:14:37.046" level="INFO">Clicking element '//a[@id='nav-hamburger-menu']'.</msg>
<status status="PASS" starttime="20220926 11:14:37.044" endtime="20220926 11:14:37.169"/>
</kw>
<status status="PASS" starttime="20220926 11:14:37.044" endtime="20220926 11:14:37.170"/>
</kw>
<kw name="E clicar em mais vendidos" library="home">
<kw name="Wait Until Element Is Visible" library="SeleniumLibrary">
<arg>locator=${mais_vendidos}</arg>
<doc>Waits until the element ``locator`` is visible.</doc>
<status status="PASS" starttime="20220926 11:14:37.171" endtime="20220926 11:14:37.682"/>
</kw>
<kw name="Click Element" library="SeleniumLibrary">
<arg>locator=${mais_vendidos}</arg>
<doc>Click the element identified by ``locator``.</doc>
<msg timestamp="20220926 11:14:37.683" level="INFO">Clicking element '//a[@href='/gp/bestsellers/?ref_=nav_em_cs_bestsellers_0_1_1_2']'.</msg>
<status status="PASS" starttime="20220926 11:14:37.683" endtime="20220926 11:14:39.228"/>
</kw>
<status status="PASS" starttime="20220926 11:14:37.170" endtime="20220926 11:14:39.228"/>
</kw>
<kw name="E acessar a categoria de eletrônicos" library="home">
<kw name="Wait Until Element Is Visible" library="SeleniumLibrary">
<arg>locator=${eletronicos}</arg>
<doc>Waits until the element ``locator`` is visible.</doc>
<status status="PASS" starttime="20220926 11:14:39.229" endtime="20220926 11:14:39.271"/>
</kw>
<kw name="Click Element" library="SeleniumLibrary">
<arg>locator=${eletronicos}</arg>
<doc>Click the element identified by ``locator``.</doc>
<msg timestamp="20220926 11:14:39.273" level="INFO">Clicking element '//a[@href='/gp/bestsellers/electronics/ref=zg_bs_nav_0'][contains(.,'Eletrônicos')]'.</msg>
<status status="PASS" starttime="20220926 11:14:39.272" endtime="20220926 11:14:40.509"/>
</kw>
<status status="PASS" starttime="20220926 11:14:39.229" endtime="20220926 11:14:40.510"/>
</kw>
<kw name="Close Chrome" library="home" type="TEARDOWN">
<kw name="Close Browser" library="SeleniumLibrary">
<doc>Closes the current browser.</doc>
<status status="PASS" starttime="20220926 11:14:40.512" endtime="20220926 11:14:42.817"/>
</kw>
<status status="PASS" starttime="20220926 11:14:40.511" endtime="20220926 11:14:42.817"/>
</kw>
<status status="PASS" starttime="20220926 11:14:33.696" endtime="20220926 11:14:42.818"/>
</test>
<test id="s1-t2" name="Case 02 - Adicionar o produto ao carrinho" line="15">
<kw name="Open Chrome" library="home" type="SETUP">
<kw name="Open Browser" library="SeleniumLibrary">
<arg>browser=${browser}</arg>
<doc>Opens a new browser instance to the optional ``url``.</doc>
<msg timestamp="20220926 11:14:42.823" level="INFO">Opening browser 'chrome' to base url 'None'.</msg>
<status status="PASS" starttime="20220926 11:14:42.822" endtime="20220926 11:14:44.293"/>
</kw>
<kw name="Maximize Browser Window" library="SeleniumLibrary">
<doc>Maximizes current browser window.</doc>
<status status="PASS" starttime="20220926 11:14:44.293" endtime="20220926 11:14:44.418"/>
</kw>
<status status="PASS" starttime="20220926 11:14:42.822" endtime="20220926 11:14:44.418"/>
</kw>
<kw name="Dado que o usuário esteja no menu eletrônicos" library="home">
<kw name="Dado que o usuário esteja no site da Amazon" library="home">
<kw name="Go To" library="SeleniumLibrary">
<arg>url=${amazon_url}</arg>
<doc>Navigates the current browser window to the provided ``url``.</doc>
<msg timestamp="20220926 11:14:44.420" level="INFO">Opening url 'https://www.amazon.com.br'</msg>
<status status="PASS" starttime="20220926 11:14:44.420" endtime="20220926 11:14:46.203"/>
</kw>
<kw name="Wait Until Element Is Visible" library="SeleniumLibrary">
<arg>locator=${menu_all}</arg>
<doc>Waits until the element ``locator`` is visible.</doc>
<status status="PASS" starttime="20220926 11:14:46.203" endtime="20220926 11:14:46.248"/>
</kw>
<status status="PASS" starttime="20220926 11:14:44.419" endtime="20220926 11:14:46.248"/>
</kw>
<kw name="Quando o usuário expandir o menu todos" library="home">
<kw name="Click Element" library="SeleniumLibrary">
<arg>locator=${menu_all}</arg>
<doc>Click the element identified by ``locator``.</doc>
<msg timestamp="20220926 11:14:46.251" level="INFO">Clicking element '//a[@id='nav-hamburger-menu']'.</msg>
<status status="PASS" starttime="20220926 11:14:46.249" endtime="20220926 11:14:46.354"/>
</kw>
<status status="PASS" starttime="20220926 11:14:46.248" endtime="20220926 11:14:46.354"/>
</kw>
<kw name="E clicar em mais vendidos" library="home">
<kw name="Wait Until Element Is Visible" library="SeleniumLibrary">
<arg>locator=${mais_vendidos}</arg>
<doc>Waits until the element ``locator`` is visible.</doc>
<status status="PASS" starttime="20220926 11:14:46.355" endtime="20220926 11:14:46.875"/>
</kw>
<kw name="Click Element" library="SeleniumLibrary">
<arg>locator=${mais_vendidos}</arg>
<doc>Click the element identified by ``locator``.</doc>
<msg timestamp="20220926 11:14:46.875" level="INFO">Clicking element '//a[@href='/gp/bestsellers/?ref_=nav_em_cs_bestsellers_0_1_1_2']'.</msg>
<status status="PASS" starttime="20220926 11:14:46.875" endtime="20220926 11:14:48.700"/>
</kw>
<status status="PASS" starttime="20220926 11:14:46.354" endtime="20220926 11:14:48.700"/>
</kw>
<kw name="E acessar a categoria de eletrônicos" library="home">
<kw name="Wait Until Element Is Visible" library="SeleniumLibrary">
<arg>locator=${eletronicos}</arg>
<doc>Waits until the element ``locator`` is visible.</doc>
<status status="PASS" starttime="20220926 11:14:48.701" endtime="20220926 11:14:48.744"/>
</kw>
<kw name="Click Element" library="SeleniumLibrary">
<arg>locator=${eletronicos}</arg>
<doc>Click the element identified by ``locator``.</doc>
<msg timestamp="20220926 11:14:48.745" level="INFO">Clicking element '//a[@href='/gp/bestsellers/electronics/ref=zg_bs_nav_0'][contains(.,'Eletrônicos')]'.</msg>
<status status="PASS" starttime="20220926 11:14:48.745" endtime="20220926 11:14:49.932"/>
</kw>
<status status="PASS" starttime="20220926 11:14:48.701" endtime="20220926 11:14:49.932"/>
</kw>
<status status="PASS" starttime="20220926 11:14:44.419" endtime="20220926 11:14:49.932"/>
</kw>
<kw name="Quando o usuário selecionar o produto EcoDot" library="add-cart">
<kw name="Execute Javascript" library="SeleniumLibrary">
<arg>window.scrollTo(0, window.scrollY+1200)</arg>
<doc>Executes the given JavaScript code with possible arguments.</doc>
<msg timestamp="20220926 11:14:49.933" level="INFO">Executing JavaScript:
window.scrollTo(0, window.scrollY+1200)
Without any arguments.</msg>
<status status="PASS" starttime="20220926 11:14:49.933" endtime="20220926 11:14:49.937"/>
</kw>
<kw name="Sleep" library="BuiltIn">
<arg>3s</arg>
<doc>Pauses the test executed for the given time.</doc>
<msg timestamp="20220926 11:14:52.942" level="INFO">Slept 3 seconds</msg>
<status status="PASS" starttime="20220926 11:14:49.937" endtime="20220926 11:14:52.942"/>
</kw>
<kw name="Click Element" library="SeleniumLibrary">
<arg>locator=${produto}</arg>
<doc>Click the element identified by ``locator``.</doc>
<msg timestamp="20220926 11:14:52.943" level="INFO">Clicking element '//div[@class='_cDEzb_p13n-sc-css-line-clamp-3_g3dy1'][contains(.,'Echo Dot (4ª Geração): Smart Speaker com Alexa - Cor Preta')]'.</msg>
<status status="PASS" starttime="20220926 11:14:52.942" endtime="20220926 11:14:56.519"/>
</kw>
<status status="PASS" starttime="20220926 11:14:49.932" endtime="20220926 11:14:56.519"/>
</kw>
<kw name="E adicionar o produto no carrinho" library="add-cart">
<kw name="Wait Until Element Is Visible" library="SeleniumLibrary">
<arg>locator=${acessar_carrinho}</arg>
<doc>Waits until the element ``locator`` is visible.</doc>
<status status="PASS" starttime="20220926 11:14:56.521" endtime="20220926 11:14:56.554"/>
</kw>
<kw name="Click Element" library="SeleniumLibrary">
<arg>locator=${acessar_carrinho}</arg>
<doc>Click the element identified by ``locator``.</doc>
<msg timestamp="20220926 11:14:56.556" level="INFO">Clicking element '//input[contains(@name,'submit.add-to-cart')]'.</msg>
<status status="PASS" starttime="20220926 11:14:56.555" endtime="20220926 11:14:57.545"/>
</kw>
<status status="PASS" starttime="20220926 11:14:56.520" endtime="20220926 11:14:57.546"/>
</kw>
<kw name="E acessar o carrinho" library="add-cart">
<kw name="Wait Until Element Is Visible" library="SeleniumLibrary">
<arg>locator=${carrinho}</arg>
<doc>Waits until the element ``locator`` is visible.</doc>
<status status="PASS" starttime="20220926 11:14:57.548" endtime="20220926 11:14:57.587"/>
</kw>
<kw name="Click Element" library="SeleniumLibrary">
<arg>locator=${carrinho}</arg>
<doc>Click the element identified by ``locator``.</doc>
<msg timestamp="20220926 11:14:57.588" level="INFO">Clicking element '//a[contains(.,'Ir para o carrinho')]'.</msg>
<status status="PASS" starttime="20220926 11:14:57.587" endtime="20220926 11:14:59.545"/>
</kw>
<status status="PASS" starttime="20220926 11:14:57.547" endtime="20220926 11:14:59.546"/>
</kw>
<kw name="Então aumenta a quantidade do produto no carrinho" library="add-cart">
<kw name="Click Element" library="SeleniumLibrary">
<arg>locator=${quantidade}</arg>
<doc>Click the element identified by ``locator``.</doc>
<msg timestamp="20220926 11:14:59.548" level="INFO">Clicking element '//span[contains(@data-csa-c-func-deps,'aui-da-a-dropdown-button')]'.</msg>
<status status="PASS" starttime="20220926 11:14:59.547" endtime="20220926 11:14:59.669"/>
</kw>
<kw name="Wait Until Element Is Visible" library="SeleniumLibrary">
<arg>locator=${aumenta_quantidade}</arg>
<doc>Waits until the element ``locator`` is visible.</doc>
<status status="PASS" starttime="20220926 11:14:59.669" endtime="20220926 11:14:59.725"/>
</kw>
<kw name="Click Element" library="SeleniumLibrary">
<arg>locator=${aumenta_quantidade}</arg>
<doc>Click the element identified by ``locator``.</doc>
<msg timestamp="20220926 11:14:59.726" level="INFO">Clicking element '//*[@id="quantity_2"]'.</msg>
<status status="PASS" starttime="20220926 11:14:59.725" endtime="20220926 11:14:59.786"/>
</kw>
<status status="PASS" starttime="20220926 11:14:59.547" endtime="20220926 11:14:59.787"/>
</kw>
<kw name="Close Chrome" library="home" type="TEARDOWN">
<kw name="Close Browser" library="SeleniumLibrary">
<doc>Closes the current browser.</doc>
<status status="PASS" starttime="20220926 11:14:59.789" endtime="20220926 11:15:02.181"/>
</kw>
<status status="PASS" starttime="20220926 11:14:59.788" endtime="20220926 11:15:02.181"/>
</kw>
<status status="PASS" starttime="20220926 11:14:42.821" endtime="20220926 11:15:02.182"/>
</test>
<test id="s1-t3" name="Case 03 - Fechar o pedido no carrinho" line="22">
<kw name="Open Chrome" library="home" type="SETUP">
<kw name="Open Browser" library="SeleniumLibrary">
<arg>browser=${browser}</arg>
<doc>Opens a new browser instance to the optional ``url``.</doc>
<msg timestamp="20220926 11:15:02.186" level="INFO">Opening browser 'chrome' to base url 'None'.</msg>
<status status="PASS" starttime="20220926 11:15:02.186" endtime="20220926 11:15:03.578"/>
</kw>
<kw name="Maximize Browser Window" library="SeleniumLibrary">
<doc>Maximizes current browser window.</doc>
<status status="PASS" starttime="20220926 11:15:03.579" endtime="20220926 11:15:03.696"/>
</kw>
<status status="PASS" starttime="20220926 11:15:02.185" endtime="20220926 11:15:03.697"/>
</kw>
<kw name="Dado que o usuário esteja no menu eletrônicos" library="home">
<kw name="Dado que o usuário esteja no site da Amazon" library="home">
<kw name="Go To" library="SeleniumLibrary">
<arg>url=${amazon_url}</arg>
<doc>Navigates the current browser window to the provided ``url``.</doc>
<msg timestamp="20220926 11:15:03.698" level="INFO">Opening url 'https://www.amazon.com.br'</msg>
<status status="PASS" starttime="20220926 11:15:03.698" endtime="20220926 11:15:05.385"/>
</kw>
<kw name="Wait Until Element Is Visible" library="SeleniumLibrary">
<arg>locator=${menu_all}</arg>
<doc>Waits until the element ``locator`` is visible.</doc>
<status status="PASS" starttime="20220926 11:15:05.385" endtime="20220926 11:15:05.419"/>
</kw>
<status status="PASS" starttime="20220926 11:15:03.697" endtime="20220926 11:15:05.419"/>
</kw>
<kw name="Quando o usuário expandir o menu todos" library="home">
<kw name="Click Element" library="SeleniumLibrary">
<arg>locator=${menu_all}</arg>
<doc>Click the element identified by ``locator``.</doc>
<msg timestamp="20220926 11:15:05.420" level="INFO">Clicking element '//a[@id='nav-hamburger-menu']'.</msg>
<status status="PASS" starttime="20220926 11:15:05.420" endtime="20220926 11:15:05.512"/>
</kw>
<status status="PASS" starttime="20220926 11:15:05.419" endtime="20220926 11:15:05.512"/>
</kw>
<kw name="E clicar em mais vendidos" library="home">
<kw name="Wait Until Element Is Visible" library="SeleniumLibrary">
<arg>locator=${mais_vendidos}</arg>
<doc>Waits until the element ``locator`` is visible.</doc>
<status status="PASS" starttime="20220926 11:15:05.512" endtime="20220926 11:15:05.992"/>
</kw>
<kw name="Click Element" library="SeleniumLibrary">
<arg>locator=${mais_vendidos}</arg>
<doc>Click the element identified by ``locator``.</doc>
<msg timestamp="20220926 11:15:05.993" level="INFO">Clicking element '//a[@href='/gp/bestsellers/?ref_=nav_em_cs_bestsellers_0_1_1_2']'.</msg>
<status status="PASS" starttime="20220926 11:15:05.992" endtime="20220926 11:15:07.759"/>
</kw>
<status status="PASS" starttime="20220926 11:15:05.512" endtime="20220926 11:15:07.759"/>
</kw>
<kw name="E acessar a categoria de eletrônicos" library="home">
<kw name="Wait Until Element Is Visible" library="SeleniumLibrary">
<arg>locator=${eletronicos}</arg>
<doc>Waits until the element ``locator`` is visible.</doc>
<status status="PASS" starttime="20220926 11:15:07.760" endtime="20220926 11:15:07.809"/>
</kw>
<kw name="Click Element" library="SeleniumLibrary">
<arg>locator=${eletronicos}</arg>
<doc>Click the element identified by ``locator``.</doc>
<msg timestamp="20220926 11:15:07.810" level="INFO">Clicking element '//a[@href='/gp/bestsellers/electronics/ref=zg_bs_nav_0'][contains(.,'Eletrônicos')]'.</msg>
<status status="PASS" starttime="20220926 11:15:07.810" endtime="20220926 11:15:08.890"/>
</kw>
<status status="PASS" starttime="20220926 11:15:07.759" endtime="20220926 11:15:08.890"/>
</kw>
<status status="PASS" starttime="20220926 11:15:03.697" endtime="20220926 11:15:08.891"/>
</kw>
<kw name="Quando o usuário adiciona o produto no carrinho" library="add-cart">
<kw name="Quando o usuário selecionar o produto EcoDot" library="add-cart">
<kw name="Execute Javascript" library="SeleniumLibrary">
<arg>window.scrollTo(0, window.scrollY+1200)</arg>
<doc>Executes the given JavaScript code with possible arguments.</doc>
<msg timestamp="20220926 11:15:08.893" level="INFO">Executing JavaScript:
window.scrollTo(0, window.scrollY+1200)
Without any arguments.</msg>
<status status="PASS" starttime="20220926 11:15:08.892" endtime="20220926 11:15:08.900"/>
</kw>
<kw name="Sleep" library="BuiltIn">
<arg>3s</arg>
<doc>Pauses the test executed for the given time.</doc>
<msg timestamp="20220926 11:15:11.912" level="INFO">Slept 3 seconds</msg>
<status status="PASS" starttime="20220926 11:15:08.900" endtime="20220926 11:15:11.912"/>
</kw>
<kw name="Click Element" library="SeleniumLibrary">
<arg>locator=${produto}</arg>
<doc>Click the element identified by ``locator``.</doc>
<msg timestamp="20220926 11:15:11.912" level="INFO">Clicking element '//div[@class='_cDEzb_p13n-sc-css-line-clamp-3_g3dy1'][contains(.,'Echo Dot (4ª Geração): Smart Speaker com Alexa - Cor Preta')]'.</msg>
<status status="PASS" starttime="20220926 11:15:11.912" endtime="20220926 11:15:14.951"/>
</kw>
<status status="PASS" starttime="20220926 11:15:08.892" endtime="20220926 11:15:14.951"/>
</kw>
<kw name="E adicionar o produto no carrinho" library="add-cart">
<kw name="Wait Until Element Is Visible" library="SeleniumLibrary">
<arg>locator=${acessar_carrinho}</arg>
<doc>Waits until the element ``locator`` is visible.</doc>
<status status="PASS" starttime="20220926 11:15:14.952" endtime="20220926 11:15:14.986"/>
</kw>
<kw name="Click Element" library="SeleniumLibrary">
<arg>locator=${acessar_carrinho}</arg>
<doc>Click the element identified by ``locator``.</doc>
<msg timestamp="20220926 11:15:14.987" level="INFO">Clicking element '//input[contains(@name,'submit.add-to-cart')]'.</msg>
<status status="PASS" starttime="20220926 11:15:14.986" endtime="20220926 11:15:15.982"/>
</kw>
<status status="PASS" starttime="20220926 11:15:14.951" endtime="20220926 11:15:15.983"/>
</kw>
<kw name="E acessar o carrinho" library="add-cart">
<kw name="Wait Until Element Is Visible" library="SeleniumLibrary">
<arg>locator=${carrinho}</arg>
<doc>Waits until the element ``locator`` is visible.</doc>
<status status="PASS" starttime="20220926 11:15:15.984" endtime="20220926 11:15:16.033"/>
</kw>
<kw name="Click Element" library="SeleniumLibrary">
<arg>locator=${carrinho}</arg>
<doc>Click the element identified by ``locator``.</doc>
<msg timestamp="20220926 11:15:16.034" level="INFO">Clicking element '//a[contains(.,'Ir para o carrinho')]'.</msg>
<status status="PASS" starttime="20220926 11:15:16.034" endtime="20220926 11:15:17.823"/>
</kw>
<status status="PASS" starttime="20220926 11:15:15.983" endtime="20220926 11:15:17.824"/>
</kw>
<kw name="Então aumenta a quantidade do produto no carrinho" library="add-cart">
<kw name="Click Element" library="SeleniumLibrary">
<arg>locator=${quantidade}</arg>
<doc>Click the element identified by ``locator``.</doc>
<msg timestamp="20220926 11:15:17.826" level="INFO">Clicking element '//span[contains(@data-csa-c-func-deps,'aui-da-a-dropdown-button')]'.</msg>
<status status="PASS" starttime="20220926 11:15:17.825" endtime="20220926 11:15:17.928"/>
</kw>
<kw name="Wait Until Element Is Visible" library="SeleniumLibrary">
<arg>locator=${aumenta_quantidade}</arg>
<doc>Waits until the element ``locator`` is visible.</doc>
<status status="PASS" starttime="20220926 11:15:17.928" endtime="20220926 11:15:17.978"/>
</kw>
<kw name="Click Element" library="SeleniumLibrary">
<arg>locator=${aumenta_quantidade}</arg>
<doc>Click the element identified by ``locator``.</doc>
<msg timestamp="20220926 11:15:17.979" level="INFO">Clicking element '//*[@id="quantity_2"]'.</msg>
<status status="PASS" starttime="20220926 11:15:17.978" endtime="20220926 11:15:18.051"/>
</kw>
<status status="PASS" starttime="20220926 11:15:17.824" endtime="20220926 11:15:18.051"/>
</kw>
<status status="PASS" starttime="20220926 11:15:08.891" endtime="20220926 11:15:18.052"/>
</kw>
<kw name="Então fecha o pedido" library="add-cart">
<kw name="Wait Until Element Is Visible" library="SeleniumLibrary">
<arg>locator=${fechar}</arg>
<doc>Waits until the element ``locator`` is visible.</doc>
<status status="PASS" starttime="20220926 11:15:18.053" endtime="20220926 11:15:18.095"/>
</kw>
<kw name="Click Element" library="SeleniumLibrary">
<arg>locator=${fechar}</arg>
<doc>Click the element identified by ``locator``.</doc>
<msg timestamp="20220926 11:15:18.096" level="INFO">Clicking element '//input[@name='proceedToRetailCheckout']'.</msg>
<status status="PASS" starttime="20220926 11:15:18.095" endtime="20220926 11:15:19.642"/>
</kw>
<status status="PASS" starttime="20220926 11:15:18.053" endtime="20220926 11:15:19.643"/>
</kw>
<kw name="Close Chrome" library="home" type="TEARDOWN">
<kw name="Close Browser" library="SeleniumLibrary">
<doc>Closes the current browser.</doc>
<status status="PASS" starttime="20220926 11:15:19.644" endtime="20220926 11:15:22.050"/>
</kw>
<status status="PASS" starttime="20220926 11:15:19.643" endtime="20220926 11:15:22.050"/>
</kw>
<status status="PASS" starttime="20220926 11:15:02.184" endtime="20220926 11:15:22.051"/>
</test>
<status status="PASS" starttime="20220926 11:14:30.437" endtime="20220926 11:15:22.055"/>
</suite>
<statistics>
<total>
<stat pass="3" fail="0" skip="0">All Tests</stat>
</total>
<tag>
</tag>
<suite>
<stat pass="3" fail="0" skip="0" id="s1" name="Amazon Site tests">Amazon Site tests</stat>
</suite>
</statistics>
<errors>
</errors>
</robot>
